[    0.000000] Initializing cgroup subsys cpuset
[    0.000000] Initializing cgroup subsys cpu
[    0.000000] Initializing cgroup subsys cpuacct
[    0.000000] Linux version 4.4.0-87-generic (buildd@lgw01-28) (gcc version 5.4.0 20160609 (Ubuntu 5.4.0-6ubuntu1~16.04.4) ) #110-Ubuntu SMP Tue Jul 18 12:54:58 UTC 2017 (Ubuntu 4.4.0-87.110-generic 4.4.73)
[    0.000000] KERNEL supported cpus:
[    0.000000]   Intel GenuineIntel
[    0.000000]   AMD AuthenticAMD
[    0.000000]   NSC Geode by NSC
[    0.000000]   Cyrix CyrixInstead
[    00000]   Centaur CentaurHauls
[    0.000000]   Transmeta GenuineTMx86
[    0.000000]   Transmeta TransmetaCPU
[    0.000000]   UMC UMC UMC UMC
[    0.000000] ------------[ cut here ]------------
[    0.000000] WARNING: CPU: 0 PID: 0 at /build/linux-rvgTKY/linux-4.4.0/arch/x86/kernel/fpu/xstate.c:517 fpu__init_system_xstate+0x34a/0x6e8()
[    0.000000] XSAVE consistency problem, dumping leaves
[    0.000000] Modules linked in:
[    0.000000] CPU: 0 PID: 0 Comm: swapper Not tainted 4.4.0-87-generic #110-Ubuntu
[    0.000000]  c1ae7967 db295704 00200086 c1ae1e98 c13ad7df c1ae1ed8 c19c8638 c1ae1ec8
[    0.000000]  c10703e7 c19c87cc c1ae1ef8 00000000 c19c8638 00000205 c1baf0f9 c1baf0f9
[    0.000000]  00000008 00000340 c1ae1f14 c1ae1ee4 c107045e 00000009 c1ae1ed8 c19c87cc
[    0.000000] Call Trace:
[    0.000000]  [<c13ad7df>] dump_stack+0x58/0x79
[    0.000000]  [<c10703e7>] warn_slowpath_common+0x87/0xc0
[    0.000000]  [<c1baf0f9>] ? fpu__init_system_xstate+0x34a/0x6e8
[    0.000000]  [<c1baf0f9>] ? fpu__init_system_xstate+0x34a/0x6e8
[    0.000000]  [<c107045e>] warn_slowpath_fmt+0x3e/0x60
[    0.000000]  [<c1baf0f9>] fpu__init_system_xstate+0x34a/0x6e8
[    0.000000]  [<c1baeadb>] fpu__init_system+0x11e/0x24d
[    0.000000]  [<c103be11>] ? early_init_intel+0xc1/0x330
[    0.000000]  [<c1bafb35>] early_cpu_init+0x14e/0x156
[    0.000000]  [<c1bafb35>] ? early_cpu_init+0x14e/0x156
[    0.000000]  [<c1bab160>] setup_arch+0xfb/0xd14
[    0.000000]  [<c1ba1894>] start_kernel+0xc2/0x407
[    0.000000]  [<c1ba12ff>] i386_start_kernel+0x9a/0x9e
[    0.000000] ---[ end trace 4d5ff9f2f68c4233 ]---
[    0.000000] CPUID[0d, 00]: eax=00000007 ebx=00000440 ecx=00000440 edx=00000000
[    0.000000] CPUID[0d, 01]: eax=00000000 ebx=000003c0 ecx=00000000 edx=00000000
[    0.000000] CPUID[0d, 02]: eax=00000100 ebx=00000240 ecx=00000000 edx=00000000
[    0.000000] CPUID[0d, 03]: eax=00000000 ebx=00000000 ecx=00000000 edx=00000000
[    0.000000] CPUID[0d, 04]: eax=00000000 ebx=00000000 ecx=00000000 edx=00000000
[    0.000000] CPUID[0d, 05]: eax=00000000 ebx=00000000 ecx=00000000 edx=00000000
[    0.000000] CPUID[0d, 06]: eax=00000000 ebx=00000000 ecx=00000000 edx=00000000
[    0.000000] CPUID[0d, 07]: eax=00000000 ebx=00000000 ecx=00000000 edx=00000000
[    0.000000] CPUID[0d, 08]: eax=00000000 ebx=00000000 ecx=00000000 edx=00000000
[    0.000000] CPUID[0d, 09]: eax=00000000 ebx=00000000 ecx=00000000 edx=00000000
[    0.000000] CPUID[0d, 0a]: eax=00000000 ebx=00000000 ecx=00000000 edx=00000000
[    0.000000] CPUID[0d, 0b]: eax=00000000 ebx=00000000 ecx=00000000 edx=00000000
[    0.000000] CPUID[0d, 0c]: eax=00000000 ebx=00000000 ecx=00000000 edx=00000000
[    0.000000] CPUID[0d, 0d]: eax=00000000 ebx=00000000 ecx=00000000 edx=00000000
[    0.000000] CPUID[0d, 0e]: eax=00000000 ebx=00000000 ecx=00000000 edx=00000000
[    0.000000] CPUID[0d, 0f]: eax=00000000 ebx=00000000 ecx=00000000 edx=00000000
[    0.000000] CPUID[0d, 10]: eax=00000000 ebx=00000000 ecx=00000000 edx=00000000
[    0.000000] CPUID[0d, 11]: eax=00000000 ebx=00000000 ecx=00000000 edx=00000000
[    0.000000] x86/fpu: xstate_offset[2]:  576, xstate_sizes[2]:  256
[    0.000000] x86/fpu: Supporting XSAVE feature 0x01: 'x87 floating point registers'
[    0.000000] x86/fpu: Supporting XSAVE feature 0x02: 'SSE registers'
[    0.000000] x86/fpu: Supporting XSAVE feature 0x04: 'AVX registers'
[    0.000000] x86/fpu: Enabled xstate features 0x7, context size is 1088 bytes, using 'standard' format.
[    0.000000] x86/fpu: Using 'lazy' FPU context switches.
[    0.000000] e820: BIOS-provided physical RAM map:
[    0.000000] BIOS-e820: [mem 0x0000000000000000-0x000000000009fbff] usable
[    0.000000] BIOS-e820: [mem 0x000000000009fc00-0x000000000009ffff] reserved
[    0.000000] BIOS-e820: [mem 0x00000000000f0000-0x00000000000fffff] reserved
[    0.000000] BIOS-e820: [mem 0x0000000000100000-0x000000003ffeffff] usable
[    0.000000] BIOS-e820: [mem 0x000000003fff0000-0x000000003fffffff] ACPI data
[    0.000000] BIOS-e820: [mem 0x00000000fec00000-0x00000000fec00fff] reserved
[    0.000000] BIOS-e820: [mem 0x00000000fee00000-0x00000000fee00fff] reserved
[    0.000000] BIOS-e820: [mem 0x00000000fffc0000-0x00000000ffffffff] reserved
[    0.000000] NX (Execute Disable) protection: active
[    0.000000] SMBIOS 2.5 present.
[    0.000000] Hypervisor detected: KVM
[    0.000000] e820: last_pfn = 0x3fff0 max_arch_pfn = 0x1000000
[    0.000000] MTRR: Disabled
[    0.000000] x86/PAT: MTRRs disabled, skipping PAT initialization too.
[    0.000000] x86/PAT: Configuration [0-7]: WB  WT  UC- UC  WB  WT  UC- UC  
[    0.000000] CPU MTRRs all blank - virtualized system.
[    0.000000] found SMP MP-table at [mem 0x0009fff0-0x0009ffff] mapped at [c009fff0]
[    0.000000] Scanning 1 areas for low memory corruption
[    0.000000] RAMDISK: [mem 0x36358000-0x371a3fff]
[    0.000000] ACPI: Early table checksum verification disabled
[    0.000000] ACPI: RSDP 0x00000000000E0000 000024 (v02 VBOX  )
[    0.000000] ACPI: XSDT 0x000000003FFF0030 00003C (v01 VBOX   VBOXXSDT 00000001 ASL  00000061)
[    0.000000] ACPI: FACP 0x000000003FFF00F0 0000F4 (v04 VBOX   VBOXFACP 00000001 ASL  00000061)
[    0.000000] ACPI: DSDT 0x000000003FFF0470 0021C8 (v02 VBOX   VBOXBIOS 00000002 INTL 20100528)
[    0.000000] ACPI: FACS 0x000000003FFF0200 000040
[    0.000000] ACPI: FACS 0x000000003FFF0200 000040
[    0.000000] ACPI: APIC 0x000000003FFF0240 00005C (v02 VBOX   VBOXAPIC 00000001 ASL  00000061)
[    0.000000] ACPI: SSDT 0x000000003FFF02A0 0001CC (v01 VBOX   VBOXCPUT 00000002 INTL 20100528)
[    0.000000] 131MB HIGHMEM available.
[    0.000000] 891MB LOWMEM available.
[    0.000000]   mapped low ram: 0 - 37bfe000
[    0.000000]   low ram: 0 - 37bfe000
[    0.000000] kvm-clock: Using msrs 4b564d01 and 4b564d00
[    0.000000] kvm-clock: cpu 0, msr 0:37bfd001, primary cpu clock
[    0.000000] kvm-clock: using sched offset of 4434334633 cycles
[    0.000000] clocksource: kvm-clock: mask: 0xffffffffffffffff max_cycles: 0x1cd42e4dffb, max_idle_ns: 881590591483 ns
[    0.000000] Zone ranges:
[    0.000000]   DMA      [mem 0x0000000000001000-0x0000000000ffffff]
[    0.000000]   Normal   [mem 0x0000000001000000-0x0000000037bfdfff]
[    0.000000]   HighMem  [mem 0x0000000037bfe000-0x000000003ffeffff]
[    0.000000] Movable zone start for each node
[    0.000000] Early memory node ranges
[    0.000000]   node   0: [mem 0x0000000000001000-0x000000000009efff]
[    0.000000]   node   0: [mem 0x0000000000100000-0x000000003ffeffff]
[    0.000000] Initmem setup node 0 [mem 0x0000000000001000-0x000000003ffeffff]
[    0.000000] Using APIC driver default
[    0.000000] ACPI: PM-Timer IO Port: 0x4008
[    0.000000] IOAPIC[0]: apic_id 2, version 32, address 0xfec00000, GSI 0-23
[    0.000000] ACPI: INT_SRC_OVR (bus 0 bus_irq 0 global_irq 2 dfl dfl)
[    0.000000] ACPI: INT_SRC_OVR (bus 0 bus_irq 9 global_irq 9 high level)
[    0.000000] Using ACPI (MADT) for SMP configuration information
[    0.000000] smpboot: Allowing 2 CPUs, 0 hotplug CPUs
[    0.000000] PM: Registered nosave memory: [mem 0x00000000-0x00000fff]
[    0.000000] PM: Registered nosave memory: [mem 0x0009f000-0x0009ffff]
[    0.000000] PM: Registered nosave memory: [mem 0x000a0000-0x000effff]
[    0.000000] PM: Registered nosave memory: [mem 0x000f0000-0x000fffff]
[    0.000000] e820: [mem 0x40000000-0xfebfffff] available for PCI devices
[    0.000000] Booting paravirtualized kernel on KVM
[    0.000000] clocksource: refined-jiffies: mask: 0xffffffff max_cycles: 0xffffffff, max_idle_ns: 7645519600211568 ns
[    0.000000] setup_percpu: NR_CPUS:8 nr_cpumask_bits:8 nr_cpu_ids:2 nr_node_ids:1
[    0.000000] PERCPU: Embedded 19 pages/cpu @f71b0000 s47436 r0 d30388 u77824
[    0.000000] PV qspinlock hash table entries: 512 (order: 0, 4096 bytes)
[    0.000000] Built 1 zonelists in Zone order, mobility grouping on.  Total pages: 259800
[    0.000000] Kernel command line: BOOT_IMAGE=/boot/vmlinuz-4.4.0-87-generic root=LABEL=cloudimg-rootfs ro console=tty1 console=ttyS0
[    0.000000] PID hash table entries: 4096 (order: 2, 16384 bytes)
[    0.000000] Dentry cache hash table entries: 131072 (order: 7, 524288 bytes)
[    0.000000] Inode-cache hash table entries: 65536 (order: 6, 262144 bytes)
[    0.000000] Initializing CPU#0
[    0.000000] Initializing HighMem for node 0 (00037bfe:0003fff0)
[    0.000000] Initializing Movable for node 0 (00000000:00000000)
[    0.000000] Memory: 1008296K/1048120K available (7962K kernel code, 770K rwdata, 3164K rodata, 940K init, 800K bss, 39824K reserved, 0K cma-reserved, 135112K highmem)
[    0.000000] virtual kernel memory layout:
[    0.000000]     fixmap  : 0xfff15000 - 0xfffff000   ( 936 kB)
[    0.000000]     pkmap   : 0xffc00000 - 0xffe00000   (2048 kB)
[    0.000000]     vmalloc : 0xf83fe000 - 0xffbfe000   ( 120 MB)
[    0.000000]     lowmem  : 0xc0000000 - 0xf7bfe000   ( 891 MB)
[    0.000000]       .init : 0xc1ba1000 - 0xc1c8c000   ( 940 kB)
[    0.000000]       .data : 0xc17c6b8b - 0xc1b9fa80   (3939 kB)
[    0.000000]       .text : 0xc1000000 - 0xc17c6b8b   (7962 kB)
[    0.000000] Checking if this processor honours the WP bit even in supervisor mode...Ok.
[    0.000000] SLUB: HWalign=64, Order=0-3, MinObjects=0, CPUs=2, Nodes=1
[    0.000000] Hierarchical RCU implementation.
[    0.000000] 	Build-time adjustment of leaf fanout to 32.
[    0.000000] 	RCU restricting CPUs from NR_CPUS=8 to nr_cpu_ids=2.
[    0.000000] RCU: Adjusting geometry for rcu_fanout_leaf=32, nr_cpu_ids=2
[    0.000000] NR_IRQS:2304 nr_irqs:440 16
[    0.000000] Console: colour VGA+ 80x25
[    0.000000] console [tty1] enabled
[    0.000000] console [ttyS0] enabled
[    0.000000] allocated 1048576 bytes of page_ext
[    0.000000] tsc: Detected 2904.002 MHz processor
[   11.699748] Calibrating delay loop (skipped) preset value.. 5808.00 BogoMIPS (lpj=11616008)
[   11.874329] pid_max: default: 32768 minimum: 301
[   11.890213] ACPI: Core revision 20150930
[   11.944204] ACPI: 2 ACPI AML tables successfully acquired and loaded
[   12.073247] Security Framework initialized
[   12.140408] Yama: becoming mindful.
[   12.205774] AppArmor: AppArmor initialized
[   12.213559] Mount-cache hash table entries: 2048 (order: 1, 8192 bytes)
[   12.219090] Mountpoint-cache hash table entries: 2048 (order: 1, 8192 bytes)
[   12.222170] Initializing cgroup subsys io
[   12.283887] Initializing cgroup subsys memory
[   12.353161] Initializing cgroup subsys devices
[   12.355049] Initializing cgroup subsys freezer
[   12.393156] Initializing cgroup subsys net_cls
[   12.472231] Initializing cgroup subsys perf_event
[   12.531023] Initializing cgroup subsys net_prio
[   12.556763] Initializing cgroup subsys hugetlb
[   12.580976] Initializing cgroup subsys pids
[   12.602050] CPU: Physical Processor ID: 0
[   12.648919] CPU: Processor Core ID: 0
[   12.692263] mce: CPU supports 0 MCE banks
[   12.793670] Last level iTLB entries: 4KB 64, 2MB 8, 4MB 8
[   12.882986] Last level dTLB entries: 4KB 64, 2MB 0, 4MB 0, 1GB 4
[   12.944182] Freeing SMP alternatives memory: 28K (c1c8c000 - c1c93000)
[   13.052918] ftrace: allocating 31409 entries in 62 pages
[   13.228190] smpboot: APIC(0) Converting physical 0 to logical package 0
[   13.355629] smpboot: Max logical packages: 1
[   13.384367] Enabling APIC mode:  Flat.  Using 1 I/O APICs
[   13.452471] ..TIMER: vector=0x30 apic1=0 pin1=2 apic2=-1 pin2=-1
[   13.676948] smpboot: CPU0: Intel(R) Core(TM) i7-7500U CPU @ 2.70GHz (family: 0x6, model: 0x8e, stepping: 0x9)
[   13.890621] Performance Events: unsupported p6 CPU model 142 no PMU driver, software events only.
[   13.992634] KVM setup paravirtual spinlock
[   14.014230] x86: Booting SMP configuration:
[   14.038272] .... node  #0, CPUs:      #1
[1266874885.275216] Initializing CPU#1
[   14.082143] kvm-clock: cpu 1, msr 0:37bfd041, secondary cpu clock
[   14.089311] mce: CPU supports 0 MCE banks
[   14.136114] x86: Booted up 1 node, 2 CPUs
[   14.191451] smpboot: Total of 2 processors activated (11616.00 BogoMIPS)
[   14.290990] devtmpfs: initialized
[   14.320315] evm: security.selinux
[   14.378805] evm: security.SMACK64
[   14.437585] evm: security.SMACK64EXEC
[   14.508780] evm: security.SMACK64TRANSMUTE
[   14.588619] evm: security.SMACK64MMAP
[   14.648321] evm: security.ima
[   14.690892] evm: security.capability
[   14.727151] clocksource: jiffies: mask: 0xffffffff max_cycles: 0xffffffff, max_idle_ns: 7645041785100000 ns
[   14.746845] futex hash table entries: 512 (order: 3, 32768 bytes)
[   14.805051] pinctrl core: initialized pinctrl subsystem
[   14.819401] RTC time: 23:08:16, date: 08/01/17
[   14.898411] NET: Registered protocol family 16
[   14.990456] EISA bus registered
[   15.057977] cpuidle: using governor ladder
[   15.161876] cpuidle: using governor menu
[   15.227342] PCCT header not found.
[   15.279257] ACPI: bus type PCI registered
[   15.321152] acpiphp: ACPI Hot Plug PCI Controller Driver version: 0.5
[   15.390407] PCI : PCI BIOS area is rw and x. Use pci=nobios if you want it NX.
[   15.438753] PCI: PCI BIOS revision 2.10 entry at 0xfda26, last bus=0
[   15.532856] PCI: Using configuration type 1 for base access
[   15.625816] ACPI: Added _OSI(Module Device)
[   15.654261] ACPI: Added _OSI(Processor Device)
[   15.691286] ACPI: Added _OSI(3.0 _SCP Extensions)
[   15.720309] ACPI: Added _OSI(Processor Aggregator Device)
[   15.768287] ACPI: Executed 1 blocks of module-level executable AML code
[   15.857817] ACPI: Interpreter enabled
[   15.881688] ACPI: (supports S0 S5)
[   15.882446] ACPI: Using IOAPIC for interrupt routing
[   15.943034] PCI: Using host bridge windows from ACPI; if necessary, use "pci=nocrs" and report a bug
[   16.066768] ACPI: PCI Root Bridge [PCI0] (domain 0000 [bus 00-ff])
[   16.092351] acpi PNP0A03:00: _OSC: OS supports [ASPM ClockPM Segments MSI]
[   16.242124] acpi PNP0A03:00: _OSC failed (AE_NOT_FOUND); disabling ASPM
[   16.310176] acpi PNP0A03:00: fail to add MMCONFIG information, can't access extended PCI configuration space under this bridge.
[   16.363429] PCI host bridge to bus 0000:00
[   16.393856] pci_bus 0000:00: root bus resource [io  0x0000-0x0cf7 window]
[   16.502299] pci_bus 0000:00: root bus resource [io  0x0d00-0xffff window]
[   16.627528] pci_bus 0000:00: root bus resource [mem 0x000a0000-0x000bffff window]
[   16.713903] pci_bus 0000:00: root bus resource [mem 0x40000000-0xffdfffff window]
[   16.764386] pci_bus 0000:00: root bus resource [bus 00-ff]
[   16.782661] pci 0000:00:01.1: legacy IDE quirk: reg 0x10: [io  0x01f0-0x01f7]
[   16.788147] pci 0000:00:01.1: legacy IDE quirk: reg 0x14: [io  0x03f6]
[   16.822478] pci 0000:00:01.1: legacy IDE quirk: reg 0x18: [io  0x0170-0x0177]
[   16.936354] pci 0000:00:01.1: legacy IDE quirk: reg 0x1c: [io  0x0376]
[   17.061634] pci 0000:00:07.0: quirk: [io  0x4000-0x403f] claimed by PIIX4 ACPI
[   17.134704] pci 0000:00:07.0: quirk: [io  0x4100-0x410f] claimed by PIIX4 SMB
[   17.181876] ACPI: PCI Interrupt Link [LNKA] (IRQs 5 9 10 *11)
[   17.259794] ACPI: PCI Interrupt Link [LNKB] (IRQs 5 9 10 *11)
[   17.355594] ACPI: PCI Interrupt Link [LNKC] (IRQs 5 9 *10 11)
[   17.376344] ACPI: PCI Interrupt Link [LNKD] (IRQs 5 *9 10 11)
[   17.388691] ACPI: Enabled 2 GPEs in block 00 to 07
[   17.395330] vgaarb: setting as boot device: PCI:0000:00:02.0
[   17.408337] vgaarb: device added: PCI:0000:00:02.0,decodes=io+mem,owns=io+mem,locks=none
[   17.465629] vgaarb: loaded
[   17.467548] vgaarb: bridge control possible 0000:00:02.0
[   17.490023] SCSI subsystem initialized
[   17.494405] ACPI: bus type USB registered
[   17.540045] usbcore: registered new interface driver usbfs
[   17.630926] usbcore: registered new interface driver hub
[   17.648883] usbcore: registered new device driver usb
[   17.656422] PCI: Using ACPI for IRQ routing
[   17.747662] NetLabel: Initializing
[   17.792703] NetLabel:  domain hash size = 128
[   17.851809] NetLabel:  protocols = UNLABELED CIPSOv4
[   17.978266] NetLabel:  unlabeled traffic allowed by default
[   18.026427] amd_nb: Cannot enumerate AMD northbridges
[   18.040582] clocksource: Switched to clocksource kvm-clock
[   18.084404] AppArmor: AppArmor Filesystem Enabled
[   18.096285] pnp: PnP ACPI init
[   18.131601] pnp: PnP ACPI: found 3 devices
[   18.134083] PnPBIOS: Disabled by ACPI PNP
[   18.195629] clocksource: acpi_pm: mask: 0xffffff max_cycles: 0xffffff, max_idle_ns: 2085701024 ns
[   18.305774] NET: Registered protocol family 2
[   18.306902] TCP established hash table entries: 8192 (order: 3, 32768 bytes)
[   18.310390] TCP bind hash table entries: 8192 (order: 4, 65536 bytes)
[   18.341126] TCP: Hash tables configured (established 8192 bind 8192)
[   18.343047] UDP hash table entries: 512 (order: 2, 16384 bytes)
[   18.344136] UDP-Lite hash table entries: 512 (order: 2, 16384 bytes)
[   18.361701] NET: Registered protocol family 1
[   18.369272] pci 0000:00:00.0: Limiting direct PCI/PCI transfers
[   18.374510] pci 0000:00:01.0: Activating ISA DMA hang workarounds
[   18.402708] Unpacking initramfs...
[   18.717033] Freeing initrd memory: 14640K (f6358000 - f71a4000)
[   18.734827] platform rtc_cmos: registered platform RTC device (no PNP device found)
[   18.753334] Scanning for low memory corruption every 60 seconds
[   18.878244] audit: initializing netlink subsys (disabled)
[   18.981331] audit: type=2000 audit(1501628889.080:1): initialized
[   19.018825] Initialise system trusted keyring
[   19.050198] HugeTLB registered 2 MB page size, pre-allocated 0 pages
[   19.065720] zbud: loaded
[   19.083485] VFS: Disk quotas dquot_6.6.0
[   19.170589] VFS: Dquot-cache hash table entries: 1024 (order 0, 4096 bytes)
[   19.349508] squashfs: version 4.0 (2009/01/31) Phillip Lougher
[   19.471412] fuse init (API version 7.23)
[   19.574162] Key type big_key registered
[   19.629049] Allocating IMA MOK and blacklist keyrings.
[   19.636097] Key type asymmetric registered
[   19.655129] Asymmetric key parser 'x509' registered
[   19.669944] bounce: pool size: 64 pages
[   19.704327] Block layer SCSI generic (bsg) driver version 0.4 loaded (major 249)
[   19.745732] tsc: Refined TSC clocksource calibration: 2904.184 MHz
[   19.752664] io scheduler noop registered
[   19.752667] io scheduler deadline registered (default)
[   19.752705] io scheduler cfq registered
[   19.752814] pci_hotplug: PCI Hot Plug PCI Core version: 0.5
[   19.752820] pciehp: PCI Express Hot Plug Controller Driver version: 0.4
[   19.752929] ACPI: AC Adapter [AC] (off-line)
[   19.752974] input: Power Button as /devices/LNXSYSTM:00/LNXPWRBN:00/input/input0
[   19.752976] ACPI: Power Button [PWRF]
[   19.753030] input: Sleep Button as /devices/LNXSYSTM:00/LNXSLPBN:00/input/input1
[   19.753032] ACPI: Sleep Button [SLPF]
[   19.753159] GHES: HEST is not enabled!
[   19.753776] ACPI: Battery Slot [BAT0] (battery present)
[   19.753799] isapnp: Scanning for PnP cards...
[   19.759360] Serial: 8250/16550 driver, 32 ports, IRQ sharing enabled
[   19.859948] 00:02: ttyS0 at I/O 0x3f8 (irq = 4, base_baud = 115200) is a 16550A
[   20.083147] Linux agpgart interface v0.103
[   20.125086] clocksource: tsc: mask: 0xffffffffffffffff max_cycles: 0x29dcb39693d, max_idle_ns: 440795251558 ns
[   20.157438] loop: module loaded
[   20.176104] scsi host0: ata_piix
[   20.187889] scsi host1: ata_piix
[   20.192180] ata1: PATA max UDMA/33 cmd 0x1f0 ctl 0x3f6 bmdma 0xd000 irq 14
[   20.230809] ata2: PATA max UDMA/33 cmd 0x170 ctl 0x376 bmdma 0xd008 irq 15
[   20.286504] libphy: Fixed MDIO Bus: probed
[   20.306970] tun: Universal TUN/TAP device driver, 1.6
[   20.307547] isapnp: No Plug & Play device found
[   20.368038] tun: (C) 1999-2004 Max Krasnyansky <maxk@qualcomm.com>
[   20.371934] PPP generic driver version 2.4.2
[   20.372696] ehci_hcd: USB 2.0 'Enhanced' Host Controller (EHCI) Driver
[   20.373724] ehci-pci: EHCI PCI platform driver
[   20.420963] ehci-platform: EHCI generic platform driver
[   20.442254] ohci_hcd: USB 1.1 'Open' Host Controller (OHCI) Driver
[   20.456205] ohci-pci: OHCI PCI platform driver
[   20.459393] ohci-platform: OHCI generic platform driver
[   20.461100] uhci_hcd: USB Universal Host Controller Interface driver
[   20.487620] i8042: PNP: PS/2 Controller [PNP0303:PS2K,PNP0f03:PS2M] at 0x60,0x64 irq 1,12
[   20.529442] serio: i8042 KBD port at 0x60,0x64 irq
[   20.709083] serio: i8042 AUX port at 0x60,0x64 irq 12
[   20.815459] mousedev: PS/2 mouse device common for all mice
[   20.821516] rtc_cmos rtc_cmos: rtc core: registered rtc_cmos as rtc0
[   20.855367] input: AT Translated Set 2 keyboard as /devices/platform/i8042/serio0/input/input2
[   20.860933] rtc_cmos rtc_cmos: alarms up to one day, 114 bytes nvram
[   20.876203] i2c /dev entries driver
[   20.882129] device-mapper: uevent: version 1.0.3
[   20.890029] device-mapper: ioctl: 4.34.0-ioctl (2015-10-28) initialised: dm-devel@redhat.com
[   20.961491] platform eisa.0: Probing EISA bus 0
[   21.025492] platform eisa.0: EISA: Cannot allocate resource for mainboard
[   21.087346] platform eisa.0: Cannot allocate resource for EISA slot 1
[   21.173546] platform eisa.0: Cannot allocate resource for EISA slot 2
[   21.290202] platform eisa.0: Cannot allocate resource for EISA slot 3
[   21.319522] platform eisa.0: Cannot allocate resource for EISA slot 4
[   21.348554] platform eisa.0: Cannot allocate resource for EISA slot 5
[   21.352645] platform eisa.0: Cannot allocate resource for EISA slot 6
[   21.456686] platform eisa.0: Cannot allocate resource for EISA slot 7
[   21.459086] platform eisa.0: Cannot allocate resource for EISA slot 8
[   21.461720] platform eisa.0: EISA: Detected 0 cards
[   21.472337] cpufreq-nforce2: No nForce2 chipset.
[   21.515109] ledtrig-cpu: registered to indicate activity on CPUs
[   21.570550] NET: Registered protocol family 10
[   21.575881] NET: Registered protocol family 17
[   21.593301] Key type dns_resolver registered
[   21.594736] microcode: CPU0 sig=0x806e9, pf=0x8, revision=0x0
[   21.610330] microcode: CPU1 sig=0x806e9, pf=0x8, revision=0x0
[   21.619094] microcode: Microcode Update Driver: v2.01 <tigran@aivazian.fsnet.co.uk>, Peter Oruba
[   21.639692] Using IPI No-Shortcut mode
[   21.656411] registered taskstats version 1
[   21.669041] Loading compiled-in X.509 certificates
[   21.721075] Loaded X.509 cert 'Build time autogenerated kernel key: 55fe9c7b6ac8cd3de4564be7c734382515d9bbe8'
[   21.856183] zswap: loaded using pool lzo/zbud
[   21.861768] Key type trusted registered
[   21.871926] Key type encrypted registered
[   21.875312] AppArmor: AppArmor sha1 policy hashing enabled
[   21.902415] ima: No TPM chip found, activating TPM-bypass!
[   21.937242] evm: HMAC attrs: 0x1
[   21.971661]   Magic number: 13:591:149
[   22.032069] rtc_cmos rtc_cmos: setting system clock to 2017-08-01 23:08:23 UTC (1501628903)
[   22.038333] BIOS EDD facility v0.16 2004-Jun-25, 0 devices found
[   22.103798] EDD information not available.
[   22.111074] Freeing unused kernel memory: 940K (c1ba1000 - c1c8c000)
[   22.114098] Write protecting the kernel text: 7964k
[   22.116270] Write protecting the kernel read-only data: 3168k
[   22.163954] NX-protecting the kernel data: 6372k
Loading, please [   22.176446] random: systemd-udevd: uninitialized urandom read (16 bytes read, 6 bits of entropy available)
wait...
startin[   22.176881] random: udevadm: uninitialized urandom read (16 bytes read, 6 bits of entropy available)
g version 229
[   22.176915] random: udevadm: uninitialized urandom read (16 bytes read, 6 bits of entropy available)
[   22.177038] random: udevadm: uninitialized urandom read (16 bytes read, 6 bits of entropy available)
[   22.177075] random: udevadm: uninitialized urandom read (16 bytes read, 6 bits of entropy available)
[   22.177109] random: udevadm: uninitialized urandom read (16 bytes read, 6 bits of entropy available)
[   22.177146] random: udevadm: uninitialized urandom read (16 bytes read, 6 bits of entropy available)
[   22.177182] random: udevadm: uninitialized urandom read (16 bytes read, 6 bits of entropy available)
[   22.177215] random: udevadm: uninitialized urandom read (16 bytes read, 6 bits of entropy available)
[   22.177249] random: udevadm: uninitialized urandom read (16 bytes read, 6 bits of entropy available)
[   22.552480] Fusion MPT base driver 3.04.20
[   22.554527] Copyright (c) 1999-2008 LSI Corporation
[   22.634764] Fusion MPT SPI Host driver 3.04.20
[   22.644195] mptbase: ioc0: Initiating bringup
[   22.656260] e1000: Intel(R) PRO/1000 Network Driver - version 7.3.21-k8-NAPI
[   22.692695] e1000: Copyright (c) 1999-2006 Intel Corporation.
[   22.749743] ioc0: LSI53C1030 A0: Capabilities={Initiator}
[   22.851141] input: ImExPS/2 Generic Explorer Mouse as /devices/platform/i8042/serio1/input/input4
[   23.113394] scsi host2: ioc0: LSI53C1030 A0, FwRev=00000000h, Ports=1, MaxQ=256, IRQ=20
[   23.323549] scsi 2:0:0:0: Direct-Access     VBOX     HARDDISK         1.0  PQ: 0 ANSI: 5
[   23.381579] scsi target2:0:0: Beginning Domain Validation
[   23.409292] scsi target2:0:0: Domain Validation skipping write tests
[   23.420988] scsi target2:0:0: Ending Domain Validation
[   23.422981] scsi target2:0:0: asynchronous
[   23.440019] scsi 2:0:1:0: Direct-Access     VBOX     HARDDISK         1.0  PQ: 0 ANSI: 5
[   23.463975] scsi target2:0:1: Beginning Domain Validation
[   23.469833] scsi target2:0:1: Domain Validation skipping write tests
[   23.477226] scsi target2:0:1: Ending Domain Validation
[   23.479246] scsi target2:0:1: asynchronous
[   23.493483] sd 2:0:0:0: Attached scsi generic sg0 type 0
[   23.504888] sd 2:0:0:0: [sda] 20971520 512-byte logical blocks: (10.7 GB/10.0 GiB)
[   23.507456] sd 2:0:0:0: [sda] Write Protect is off
[   23.548416] sd 2:0:1:0: [sdb] 20480 512-byte logical blocks: (10.5 MB/10.0 MiB)
[   23.561589] sd 2:0:1:0: Attached scsi generic sg1 type 0
[   23.565088] sd 2:0:0:0: [sda] Incomplete mode parameter data
[   23.571356] sd 2:0:0:0: [sda] Assuming drive cache: write through
[   23.578845] sd 2:0:1:0: [sdb] Write Protect is off
[   23.580839] sd 2:0:1:0: [sdb] Incomplete mode parameter data
[   23.582895] sd 2:0:1:0: [sdb] Assuming drive cache: write through
[   23.615541]  sda: sda1
[   23.621898] sd 2:0:0:0: [sda] Attached SCSI disk
[   23.714716] sd 2:0:1:0: [sdb] Attached SCSI disk
[   23.729290] e1000 0000:00:03.0 eth0: (PCI:33MHz:32-bit) 02:e9:ed:e2:e3:b2
[   23.791648] e1000 0000:00:03.0 eth0: Intel(R) PRO/1000 Network Connection
[   23.842921] e1000 0000:00:03.0 enp0s3: renamed from eth0
[   25.719195] floppy0: no floppy controllers found
Begin: Loading e[   27.311610] md: linear personality registered for level -1
ssential drivers ... [   27.384492] md: multipath personality registered for level -4
[   27.396938] md: raid0 personality registered for level 0
[   27.404133] md: raid1 personality registered for level 1
[   27.488983] raid6: mmxx1    gen()  6481 MB/s
[   27.572747] raid6: mmxx2    gen()  6371 MB/s
[   27.708653] raid6: sse1x1   gen()  4802 MB/s
[   27.824649] raid6: sse1x2   gen()  6136 MB/s
[   27.940793] raid6: sse2x1   gen()  9964 MB/s
[   28.040693] raid6: sse2x1   xor()  7771 MB/s
[   28.168637] raid6: sse2x2   gen() 13785 MB/s
[   28.253041] raid6: sse2x2   xor()  7940 MB/s
[   28.275516] raid6: using algorithm sse2x2 gen() 13785 MB/s
[   28.277496] raid6: .... xor() 7940 MB/s, rmw enabled
[   28.291237] raid6: using ssse3x1 recovery algorithm
[   28.365823] xor: automatically using best checksumming function:
[   28.424961]    avx       : 23965.000 MB/sec
[   28.499898] async_tx: api initialized (async)
[   28.572191] md: raid6 personality registered for level 6
[   28.642901] md: raid5 personality registered for level 5
[   28.711631] md: raid4 personality registered for level 4
[   28.734651] md: raid10 personality registered for level 10
done.
Begin: Running /scripts/init-premount ... done.[   28.829050] Btrfs loaded

Begin: Mounting root file system ... Begin: Running /scripts/local-top ... done.
Begin: Running /scripts/local-premount ... Scanning for Btrfs filesystems
done.
Warning: fsck not present, so skipping root file system
[   29.085631] EXT4-fs (sda1): INFO: recovery required on readonly filesystem
[   29.113145] EXT4-fs (sda1): write access will be enabled during recovery
[   29.547305] random: nonblocking pool is initialized
[   29.637431] EXT4-fs (sda1): orphan cleanup on readonly fs
[   29.677005] EXT4-fs (sda1): 6 orphan inodes deleted
[   29.797536] EXT4-fs (sda1): recovery complete
[   29.872883] EXT4-fs (sda1): mounted filesystem with ordered data mode. Opts: (null)
done.
Begin: Running /scripts/local-bottom ... done.
Begin: Running /scripts/init-bottom ... done.
[   31.484613] systemd[1]: systemd 229 running in system mode. (+PAM +AUDIT +SELINUX +IMA +APPARMOR +SMACK +SYSVINIT +UTMP +LIBCRYPTSETUP +GCRYPT +GNUTLS +ACL +XZ -LZ4 +SECCOMP +BLKID +ELFUTILS +KMOD -IDN)
[   31.822075] systemd[1]: Detected virtualization oracle.
[   31.843781] systemd[1]: Detected architecture x86.

Welcome to [1mUbuntu 16.04.3 LTS[0m!

[   31.964356] systemd[1]: Set hostname to <ubuntu-xenial>.
[   33.217310] systemd[1]: Started Trigger resolvconf update for networkd DNS.
[[0;32m  OK  [0m] Started Trigger resolvconf update for networkd DNS.
[   33.376236] systemd[1]: Listening on LVM2 poll daemon socket.
[[0;32m  OK  [0m] Listening on LVM2 poll daemon socket.
[   33.606185] systemd[1]: Reached target Swap.
[[0;32m  OK  [0m] Reached target Swap.
[   33.781904] systemd[1]: Started Forward Password Requests to Wall Directory Watch.
[[0;32m  OK  [0m] Started Forward Password Requests to Wall Directory Watch.
[   33.961123] systemd[1]: Listening on Journal Socket (/dev/log).
[[0;32m  OK  [0m] Listening on Journal Socket (/dev/log).
[   34.011744] systemd[1]: Set up automount Arbitrary Executable File Formats File System Automount Point.
[[0;32m  OK  [0m] Set up automount Arbitrary Executab...ats File System Automount Point.
[   34.301296] systemd[1]: Created slice User and Session Slice.
[[0;32m  OK  [0m] Created slice User and Session Slice.
[   34.533864] systemd[1]: Listening on Journal Audit Socket.
[[0;32m  OK  [0m] Listening on Journal Audit Socket.
[   34.686533] systemd[1]: Created slice System Slice.
[[0;32m  OK  [0m] Created slice System Slice.
[   34.862232] systemd[1]: Reached target Slices.
[[0;32m  OK  [0m] Reached target Slices.
[   35.045498] systemd[1]: Listening on Device-mapper event daemon FIFOs.
[[0;32m  OK  [0m] Listening on Device-mapper event daemon FIFOs.
[   35.221817] systemd[1]: Reached target User and Group Name Lookups.
[[0;32m  OK  [0m] Reached target User and Group Name Lookups.
[   35.338078] systemd[1]: Listening on Syslog Socket.
[[0;32m  OK  [0m] Listening on Syslog Socket.
[   35.345902] systemd[1]: Reached target Encrypted Volumes.
[[0;32m  OK  [0m] Reached target Encrypted Volumes.
[   35.506166] systemd[1]: Created slice system-serial\x2dgetty.slice.
[[0;32m  OK  [0m] Created slice system-serial\x2dgetty.slice.
[   35.697412] systemd[1]: Listening on Journal Socket.
[[0;32m  OK  [0m] Listening on Journal Socket.
[   35.841187] systemd[1]: Mounting POSIX Message Queue File System...
         Mounting POSIX Message Queue File System...
[   36.001908] systemd[1]: Starting Set console keymap...
         Starting Set console keymap...
[   36.101627] systemd[1]: Starting Uncomplicated firewall...
         Starting Uncomplicated firewall...
[   36.197456] systemd[1]: Mounting Huge Pages File System...
         Mounting Huge Pages File System...
[   36.265492] systemd[1]: Starting Journal Service...
         Starting Journal Service...
[   36.319195] systemd[1]: Starting Create list of required static device nodes for the current kernel...
         Starting Create list of required st... nodes for the current kernel...
[   36.568798] systemd[1]: Starting Load Kernel Modules...
         Starting Load Kernel Modules...
[   36.641746] systemd[1]: Starting Nameserver information manager...
         Starting Nameserver information manager...
[   36.691600] systemd[1]: Listening on LVM2 metadata daemon socket.
[[0;32m  OK  [0m] Listening on LVM2 metadata daemon socket.
[   36.737214] systemd[1]: Starting Monitoring of LVM2 mirrors, snapshots etc. using dmeventd or progress polling...
         Starting Monitor[   36.841460] Loading iSCSI transport class v2.0-870.
ing of LVM2 mirrors... dmeventd or progress polling...
[   36.965637] systemd[1]: Listening on /dev/initctl Compatibility Named Pipe.
[[0;32m  OK  [0m] Listening on /dev/initctl Compatibility Named Pipe.
[   37.037480] systemd[1]: Listening on udev Kernel Socket.
[[0;32m  OK  [0[   37.110075] iscsi: registered transport (tcp)
m] Listening on udev Kernel Socket.
[   37.188750] systemd[1]: Starting Remount Root and Kernel File Systems...
[   37.245632] EXT4-fs (sda1): re-mounted. Opts: (null)
         Starting Remount Root and Kernel File Systems...
[   37.361000] systemd[1]: Mounting Debug File System...
         Mounting Debug File System...
[   37.528727] systemd[1]: Listening on udev Control Socket.
[   37.580848] iscsi: registered transport (iser)
[[0;32m  OK  [0m] Listening on udev Control Socket.
[   37.721412] systemd[1]: Mounted Debug File System.
[[0;32m  OK  [0m] Mounted Debug File System.
[   37.911601] systemd[1]: Mounted POSIX Message Queue File System.
[[0;32m  OK  [0m] Mounted POSIX Message Queue File System.
[   38.161070] systemd[1]: Mounted Huge Pages File System.
[[0;32m  OK  [0m] Mounted Huge Pages File System.
[   38.257943] systemd[1]: Started Journal Service.
[[0;32m  OK  [0m] Started Journal Service.
[[0;32m  OK  [0m] Started Set console keymap.
[[0;32m  OK  [0m] Started Uncomplicated firewall.
[[0;32m  OK  [0m] Started Create list of required sta...ce nodes for the current kernel.
[[0;32m  OK  [0m] Started Load Kernel Modules.
[[0;32m  OK  [0m] Started Remount Root and Kernel File Systems.
[[0;32m  OK  [0m] Started Nameserver information manager.
[[0;32m  OK  [0m] Started LVM2 metadata daemon.
         Starting Load/Save Random Seed...
         Starting Initial cloud-init job (pre-networking)...
         Starting udev Coldplug all Devices...
         Mounting FUSE Control File System...
         Starting Apply Kernel Variables...
         Starting Create Static Device Nodes in /dev...
         Starting Flush Journal to Persistent Storage...
[[0;32m  OK  [0m] Mounted FUSE Control File System.
[[0;32m  OK  [0m] Started Load/Save Random Seed.
[[0;32m  OK  [0m] Started Monitoring of LVM2 mirrors,...ng dmeventd or progress polling.
[[0;32m  OK  [0m] Started Apply Kernel Variables.
[[0;32m  OK  [0m] Started Create Static Device Nodes in /dev.
[[0;32m  OK  [0m] Started udev Coldplug all Devices.
         Starting udev Kernel Device Manager...
[[0;32m  OK  [0m] Started Flush Journal to Persistent Storage.
[[0;32m  OK  [0m] Started udev Kernel Device Manager.
[[0;32m  OK  [0m] Reached target Local File Systems (Pre).
[[0;32m  OK  [0m] Reached target Local File Systems.
         Starting Set console font and keymap...
         Starting Create Volatile Files and Directories...
         Starting Tell Plymouth To Write Out Runtime Data...
         Starting LSB: AppArmor initialization...
[[0;32m  OK  [0m] Started Dispatch Password Requests to Console Directory Watch.
[[0;32m  OK  [0m] Started Tell Plymouth To Write Out Runtime Data.
[[0;32m  OK  [0m] Found device /dev/ttyS0.
[[0;32m  OK  [0m] Started Create Volatile Files and Directories.
         Starting Update UTMP about System Boot/Shutdown...
[[0;32m  OK  [0m] Reached target System Time Synchronized.
[[0;32m  OK  [0m] Started Update UTMP about System Boot/Shutdown.
[[0;32m  OK  [0m] Started Set console font and keymap.
[[0;32m  OK  [0m] Created slice system-getty.slice.
[[0;32m  OK  [0m] Found device 82540EM Gigabit Ethern...r (PRO/1000 MT Desktop Adapter).
[[0;32m  OK  [0m] Listening on Load/Save RF Kill Switch Status /dev/rfkill Watch.
[[0;32m  OK  [0m] Started LSB: AppArmor initialization.
[   30.743241] cloud-init[438]: Cloud-init v. 0.7.9 running 'init-local' at Tue, 01 Aug 2017 23:08:48 +0000. Up 29.63 seconds.
[[0;32m  OK  [0m] Started Initial cloud-init job (pre-networking).
[[0;32m  OK  [0m] Reached target Network (Pre).
         Starting Raise network interfaces...
[[0;32m  OK  [0m] Started ifup for enp0s3.
[[0;32m  OK  [0m] Started Raise network interfaces.
         Starting Initial cloud-init job (metadata service crawler)...
[[0;32m  OK  [0m] Reached target Network.
[   32.766986] cloud-init[966]: Cloud-init v. 0.7.9 running 'init' at Tue, 01 Aug 2017 23:08:50 +0000. Up 31.92 seconds.
[   32.832141] cloud-init[966]: ci-info: +++++++++++++++++++++++++++++++++++++Net device info++++++++++++++++++++++++++++++++++++++
[[0;32m  OK  [0m] Started Initial cloud-init job (metadata service crawler).
[   32.971522] cloud-init[966]: ci-info: +--------+------+----------------------------+---------------+-------+-------------------+
[   33.169373] [cloud-init[0;32m  OK  [0m[966]: ] ci-info: | Device |  Up  |          Address           |      Mask     | Scope |     Hw-Address    |Reached target Network is Online.

[   33.170946] cloud-init[966]: ci-info: +--------+------+----------------------------+---------------+-------+-------------------+
[   33.481336]          cloud-initStarting iSCSI initiator daemon (iscsid)...[966]: 
ci-info: |   lo   | True |         127.0.0.1          |   255.0.0.0   |   .   |         .         |
[[0;32m  OK  [0m] Reached target Cloud-config availability.
[   33.697346] cloud-init[966]: ci-info: |   lo   | True |          ::1/128           |       .       |  host |         .         |
[   33.845677] [cloud-init[0;32m  OK  [0m[966]: ] ci-info: | enp0s3 | True |         10.0.2.15          | 255.255.255.0 |   .   | 02:e9:ed:e2:e3:b2 |Reached target System Initialization.

[   33.846840] cloud-init[966]: ci-info: | enp0s3 | True | fe80::e9:edff:fee2:e3b2/64 |       .       |  link | 02:e9:ed:e2:e3:b2 |
[   33.994245] cloud-init[966]: ci-info: +--------+------+----------------------------+---------------+-------+-------------------+
[[0;32m  OK  [0m] Started ACPI Events Check.
[   34.028411] [cloud-init[0;32m  OK  [0m[966]: ] ci-info: +++++++++++++++++++++++++++Route IPv4 info++++++++++++++++++++++++++++Reached target Paths.

[   34.175176]          cloud-initStarting Socket activation for snappy daemon.[966]: 
ci-info: +-------+-------------+----------+---------------+-----------+-------+
[   34.292449] [cloud-init[0;32m  OK  [0m[966]: ] ci-info: | Route | Destination | Gateway  |    Genmask    | Interface | Flags |Listening on D-Bus System Message Bus Socket.

[   34.402951] [cloud-init[0;32m  OK  [0m[966]: ] ci-info: +-------+-------------+----------+---------------+-----------+-------+Started Timer to automatically refresh installed snaps.

[[0;32m  OK  [0m] Started Daily apt download activities.
[[0;32m  OK  [0m] Listening on ACPID Listen Socket.
[   34.403306] cloud-init[966]: ci-info: |   0   |   0.0.0.0   | 10.0.2.2 |    0.0.0.0    |   enp0s3  |   UG  |
[   34.652309]          cloud-initStarting LXD - unix socket.[966]: 
ci-info: |   1   |   10.0.2.0  | 0.0.0.0  | 255.255.255.0 |   enp0s3  |   U   |
[   34.714324] [cloud-init[0;32m  OK  [0m[966]: ] ci-info: +-------+-------------+----------+---------------+-----------+-------+Started Daily Cleanup of Temporary Directories.

[[0;32m  OK  [0m] Listening on UUID daemon activation socket.
[[0;32m  OK  [0m] Started Daily apt upgrade and clean activities.
[[0;32m  OK  [0m] Reached target Timers.
[[0;32m  OK  [0m] Listening on Socket activation for snappy daemon.
[[0;32m  OK  [0m] Listening on LXD - unix socket.
[[0;32m  OK  [0m] Started iSCSI initiator daemon (iscsid).
         Starting Login to default iSCSI targets...
[[0;32m  OK  [0m] Reached target Sockets.
[[0;32m  OK  [0m] Reached target Basic System.
         Starting vboxadd.service...
         Starting LXD - container startup/shutdown...
         Starting LSB: MD monitoring daemon...
         Starting LSB: Record successful boot for GRUB...
[[0;32m  OK  [0m] Started D-Bus System Message Bus.
[[0;32m  OK  [0m] Started Snappy daemon.
         Starting /etc/rc.local Compatibility...
         Starting OpenBSD Secure Shell server...
[[0;32m  OK  [0m] Started Unattended Upgrades Shutdown.
         Starting Accounts Service...
[[0;32m  OK  [0m] Started FUSE filesystem for LXC.
[[0;32m  OK  [0m] Started Deferred execution scheduler.
[[0;32m  OK  [0m] Started ACPI event daemon.
[[0;32m  OK  [0m] Started Regular background program processing daemon.
         Starting System Logging Service...
         Starting vboxadd-x11.service...
         Starting Auto import assertions from block devices...
         Starting Apply the settings specified in cloud-config...
         Starting Login Service...
         Starting MySQL Community Server...
[[0;32m  OK  [0m] Started vboxadd.service.
[[0;32m  OK  [0m] Started /etc/rc.local Compatibility.
[[0;32m  OK  [0m] Started vboxadd-x11.service.
[[0;32m  OK  [0m] Started Auto import assertions from block devices.
[[0;32m  OK  [0m] Started OpenBSD Secure Shell server.
         Starting vboxadd-service.service...
[[0;32m  OK  [0m] Started System Logging Service.
[[0;32m  OK  [0m] Started vboxadd-service.service.
[[0;32m  OK  [0m] Started LSB: Record successful boot for GRUB.
[[0;32m  OK  [0m] Started Login Service.
[[0;32m  OK  [0m] Started Login to default iSCSI targets.
[[0;32m  OK  [0m] Started LSB: MD monitoring daemon.
[   38.017095] cloud-init[1149]: Cloud-init v. 0.7.9 running 'modules:config' at Tue, 01 Aug 2017 23:08:56 +0000. Up 37.51 seconds.
[[0;32m  OK  [0m] Started Apply the settings specified in cloud-config.
[[0;32m  OK  [0m] Started LXD - container startup/shutdown.
         Starting Authenticate and Authorize Users to Run Privileged Tasks...
[[0;32m  OK  [0m] Reached target Remote File Systems (Pre).
[[0;32m  OK  [0m] Reached target Remote File Systems.
         Starting Permit User Sessions...
         Starting LSB: daemon to balance interrupts for SMP systems...
         Starting LSB: Set the CPU Frequency Scaling governor to "ondemand"...
         Starting LSB: automatic crash report generation...
[[0;32m  OK  [0m] Started Permit User Sessions.
[[0;32m  OK  [0m] Started LSB: Set the CPU Frequency Scaling governor to "ondemand".
         Starting Hold until boot process finishes up...
         Starting Terminate Plymouth Boot Screen...
[[0;32m  OK  [0m] Started LSB: daemon to balance interrupts for SMP systems.
[[0;32m  OK  [0m] Started Hold until boot process finishes up.
[[0;32m  OK  [0m] Started Terminate Plymouth Boot Screen.
[[0;32m  OK  [0m] Started Authenticate and Authorize Users to Run Privileged Tasks.
[[0;32m  OK  [0m] Started Accounts Service.
         Starting Set console scheme...
[[0;32m  OK  [0m] Started Getty on tty1.
[[0;32m  OK  [0m] Started Serial Getty on ttyS0.
[[0;32m  OK  [0m] Reached target Login Prompts.
[[0;32m  OK  [0m] Started LSB: automatic crash report generation.
[[0;32m  OK  [0m] Started Set console scheme.

Ubuntu 16.04.3 LTS ubuntu-xenial ttyS0

ubuntu-xenial login: [   46.824865] cloud-init[1399]: Cloud-init v. 0.7.9 running 'modules:final' at Tue, 01 Aug 2017 23:09:05 +0000. Up 46.61 seconds.
[   46.825022] cloud-init[1399]: Cloud-init v. 0.7.9 finished at Tue, 01 Aug 2017 23:09:05 +0000. Datasource DataSourceNoCloud [seed=/dev/sdb][dsmode=net].  Up 46.81 seconds
